2017-02-03T16:58:01+01:00 ERR (3): Call to undefined function Application\Controller\metoda() {"file":"D:\\RZECZY_ADAMA\\_XAMPP\\xampp-5.6\\htdocs\\zend3\\module\\Application\\src\\Controller\\IndexController.php","line":31}
2017-02-03T22:21:00+01:00 ERR (3): Call to undefined function Application\Controller\metoda() {"file":"D:\\RZECZY_ADAMA\\_XAMPP\\xampp-5.6\\htdocs\\zend3\\module\\Application\\src\\Controller\\IndexController.php","line":31}
2017-02-04T20:09:41+01:00 ERR (3): Call to undefined function Application\Controller\metoda() {"file":"D:\\RZECZY_ADAMA\\_XAMPP\\xampp-5.6\\htdocs\\zend3\\module\\Application\\src\\Controller\\IndexController.php","line":31}
2017-02-06T22:40:12+01:00 ERR (3): Method Zend\View\Helper\HeadTitle::__toString() must not throw an exception {"file":"D:\\RZECZY_ADAMA\\_XAMPP\\xampp-5.6\\htdocs\\zend3\\module\\Application\\view\\layout\\layout.phtml","line":0}
2017-02-06T22:40:55+01:00 ERR (3): Method Zend\View\Helper\HeadTitle::__toString() must not throw an exception {"file":"D:\\RZECZY_ADAMA\\_XAMPP\\xampp-5.6\\htdocs\\zend3\\module\\Application\\view\\layout\\layout.phtml","line":0}
2017-02-06T22:41:27+01:00 ERR (3): Method Zend\View\Helper\HeadTitle::__toString() must not throw an exception {"file":"D:\\RZECZY_ADAMA\\_XAMPP\\xampp-5.6\\htdocs\\zend3\\module\\Application\\view\\layout\\layout.phtml","line":0}
2017-02-06T22:45:00+01:00 NOTICE (5): Array to string conversion {"errno":8,"file":"D:\\RZECZY_ADAMA\\_XAMPP\\xampp-5.6\\htdocs\\zend3\\vendor\\zendframework\\zend-i18n\\src\\Translator\\Loader\\Ini.php","line":56}
2017-02-06T22:45:13+01:00 NOTICE (5): Array to string conversion {"errno":8,"file":"D:\\RZECZY_ADAMA\\_XAMPP\\xampp-5.6\\htdocs\\zend3\\vendor\\zendframework\\zend-i18n\\src\\Translator\\Loader\\Ini.php","line":56}
2017-02-06T23:07:45+01:00 WARN (4): Illegal offset type {"errno":2,"file":"D:\\RZECZY_ADAMA\\_XAMPP\\xampp-5.6\\htdocs\\zend3\\vendor\\zendframework\\zend-i18n\\src\\Translator\\Loader\\Ini.php","line":62}
2017-02-06T23:08:08+01:00 WARN (4): Illegal offset type {"errno":2,"file":"D:\\RZECZY_ADAMA\\_XAMPP\\xampp-5.6\\htdocs\\zend3\\vendor\\zendframework\\zend-i18n\\src\\Translator\\Loader\\Ini.php","line":62}
2017-02-06T23:10:02+01:00 WARN (4): Illegal offset type {"errno":2,"file":"D:\\RZECZY_ADAMA\\_XAMPP\\xampp-5.6\\htdocs\\zend3\\vendor\\zendframework\\zend-i18n\\src\\Translator\\Loader\\Ini.php","line":62}
2017-02-06T23:24:28+01:00 WARN (4): array_reverse() expects parameter 1 to be array, string given {"errno":2,"file":"D:\\RZECZY_ADAMA\\_XAMPP\\xampp-5.6\\htdocs\\zend3\\vendor\\zendframework\\zend-i18n\\src\\Translator\\Loader\\Ini.php","line":53}
2017-02-06T23:24:51+01:00 WARN (4): array_reverse() expects parameter 1 to be array, string given {"errno":2,"file":"D:\\RZECZY_ADAMA\\_XAMPP\\xampp-5.6\\htdocs\\zend3\\vendor\\zendframework\\zend-i18n\\src\\Translator\\Loader\\Ini.php","line":53}
2017-02-07T17:55:12+01:00 NOTICE (5): Array to string conversion {"errno":8,"file":"D:\\RZECZY_ADAMA\\_XAMPP\\xampp-5.6\\htdocs\\zend3\\module\\Application\\view\\application\\index\\index.phtml","line":9}
2017-02-07T20:05:46+01:00 WARN (4): sprintf(): Too few arguments {"errno":2,"file":"D:\\RZECZY_ADAMA\\_XAMPP\\xampp-5.6\\htdocs\\zend3\\module\\Application\\view\\application\\index\\index.phtml","line":10}
2017-02-07T21:46:09+01:00 ERR (3): Object of class Zend\I18n\Translator\TextDomain could not be converted to string {"errno":4096,"file":"D:\\RZECZY_ADAMA\\_XAMPP\\xampp-5.6\\htdocs\\zend3\\vendor\\zendframework\\zend-cache\\src\\Storage\\Adapter\\Filesystem.php","line":1539}
2017-02-07T22:37:12+01:00 ERR (3): Object of class Zend\I18n\Translator\TextDomain could not be converted to string {"errno":4096,"file":"D:\\RZECZY_ADAMA\\_XAMPP\\xampp-5.6\\htdocs\\zend3\\vendor\\zendframework\\zend-cache\\src\\Storage\\Adapter\\Filesystem.php","line":1539}
2017-02-09T20:54:55+01:00 ERR (3): Undefined class constant 'NEGATIVE_POSTFIX' {"file":"D:\\RZECZY_ADAMA\\_XAMPP\\xampp-5.6\\htdocs\\zend3\\module\\Application\\view\\application\\index\\index.phtml","line":56}
2017-02-09T21:00:30+01:00 ERR (3): Undefined class constant 'POSITIVE_SUFFIX' {"file":"D:\\RZECZY_ADAMA\\_XAMPP\\xampp-5.6\\htdocs\\zend3\\module\\Application\\view\\application\\index\\index.phtml","line":52}
2017-02-09T21:00:50+01:00 ERR (3): Class 'NumberFormat' not found {"file":"D:\\RZECZY_ADAMA\\_XAMPP\\xampp-5.6\\htdocs\\zend3\\module\\Application\\view\\application\\index\\index.phtml","line":52}
2017-02-09T21:01:23+01:00 ERR (3): Object of class Zend\I18n\View\Helper\NumberFormat could not be converted to string {"errno":4096,"file":"D:\\RZECZY_ADAMA\\_XAMPP\\xampp-5.6\\htdocs\\zend3\\module\\Application\\view\\application\\index\\index.phtml","line":55}
2017-02-09T21:01:46+01:00 ERR (3): Object of class Zend\I18n\View\Helper\NumberFormat could not be converted to string {"errno":4096,"file":"D:\\RZECZY_ADAMA\\_XAMPP\\xampp-5.6\\htdocs\\zend3\\module\\Application\\view\\application\\index\\index.phtml","line":54}
2017-02-09T21:05:04+01:00 ERR (3): Argument 6 passed to Zend\I18n\View\Helper\NumberFormat::__invoke() must be of the type array, integer given {"errno":4096,"file":"D:\\RZECZY_ADAMA\\_XAMPP\\xampp-5.6\\htdocs\\zend3\\vendor\\zendframework\\zend-i18n\\src\\View\\Helper\\NumberFormat.php","line":96}
2017-02-18T17:59:26+01:00 ERR (3): Call to a member function render() on string {"file":"D:\\RZECZY_ADAMA\\_XAMPP\\xampp-5.6\\htdocs\\zend3\\module\\Application\\view\\layout\\layout.phtml","line":49}
2017-02-20T22:52:58+01:00 ERR (3): Call to undefined method Zend\Db\ResultSet\ResultSet::willReturn() {"file":"D:\\RZECZY_ADAMA\\_XAMPP\\xampp-5.6\\htdocs\\zend3\\module\\Application\\test\\Model\\ComicsTableTest.php","line":57}
2017-02-20T23:19:58+01:00 ERR (3): Call to undefined method DivixUtils\Zend\Paginator\Paginator::toArray() {"file":"D:\\RZECZY_ADAMA\\_XAMPP\\xampp-5.6\\htdocs\\zend3\\module\\Application\\test\\Model\\ComicsTableTest.php","line":52}
2017-02-20T23:30:43+01:00 ERR (3): Call to undefined method Application\Model\Rowset\Comics::setBaseUrl() {"file":"D:\\RZECZY_ADAMA\\_XAMPP\\xampp-5.6\\htdocs\\zend3\\module\\Application\\test\\Model\\ComicsTableTest.php","line":52}
2017-02-22T01:19:43+01:00 ERR (3): Call to undefined method ApplicationTest\Model\ComicsTableTest::mockAlbumTable() {"file":"D:\\RZECZY_ADAMA\\_XAMPP\\xampp-5.6\\htdocs\\zend3\\module\\Application\\test\\Model\\ComicsTableTest.php","line":89}
2017-02-22T01:20:33+01:00 ERR (3): Class 'ApplicationTest\Model\Argument' not found {"file":"D:\\RZECZY_ADAMA\\_XAMPP\\xampp-5.6\\htdocs\\zend3\\module\\Application\\test\\Model\\ComicsTableTest.php","line":110}
2017-02-22T01:30:58+01:00 ERR (3): Call to undefined method Application\Model\Rowset\Comics::willReturn() {"file":"D:\\RZECZY_ADAMA\\_XAMPP\\xampp-5.6\\htdocs\\zend3\\module\\Application\\test\\Model\\ComicsTableTest.php","line":130}
2017-02-22T01:57:01+01:00 ERR (3): Cannot use object of type DOMElement as array {"file":"D:\\RZECZY_ADAMA\\_XAMPP\\xampp-5.6\\htdocs\\zend3\\module\\Application\\test\\Model\\ComicsTableTest.php","line":139}
2017-02-26T12:50:36+01:00 ERR (3): Call to undefined method ApplicationTest\Model\ComicsTableTest::setApplicationConfig() {"file":"D:\\RZECZY_ADAMA\\_XAMPP\\xampp-5.6\\htdocs\\zend3\\module\\Application\\test\\Model\\ComicsTableTest.php","line":20}
